c:\users\史金伟\source\the-c-language\排序算法合集\x64\debug\vc142.pdb
c:\users\史金伟\source\the-c-language\排序算法合集\x64\debug\vc142.idb
c:\users\史金伟\source\the-c-language\排序算法合集\x64\debug\源.obj
c:\users\史金伟\source\the-c-language\排序算法合集\x64\debug\排序算法练习2.obj
c:\users\史金伟\source\the-c-language\排序算法合集\x64\debug\排序算法练习1.obj
c:\users\史金伟\source\the-c-language\排序算法合集\x64\debug\5.计数排序.obj
c:\users\史金伟\source\the-c-language\排序算法合集\x64\debug\4.归并排序.obj
c:\users\史金伟\source\the-c-language\排序算法合集\x64\debug\3.交换排序.obj
c:\users\史金伟\source\the-c-language\排序算法合集\x64\debug\2.选择排序.obj
c:\users\史金伟\source\the-c-language\排序算法合集\x64\debug\1.插入排序.obj
c:\users\史金伟\source\the-c-language\排序算法合集\x64\debug\排序算法练习3.obj
c:\users\史金伟\source\the-c-language\排序算法合集\x64\debug\快排的非递归版本.obj
c:\users\史金伟\source\the-c-language\排序算法合集\x64\debug\排序算法合集.exe
c:\users\史金伟\source\the-c-language\排序算法合集\x64\debug\排序算法合集.ilk
c:\users\史金伟\source\the-c-language\排序算法合集\x64\debug\排序算法合集.pdb
c:\users\史金伟\source\the-c-language\排序算法合集\x64\debug\排序算法合集.tlog\cl.command.1.tlog
c:\users\史金伟\source\the-c-language\排序算法合集\x64\debug\排序算法合集.tlog\cl.read.1.tlog
c:\users\史金伟\source\the-c-language\排序算法合集\x64\debug\排序算法合集.tlog\cl.write.1.tlog
c:\users\史金伟\source\the-c-language\排序算法合集\x64\debug\排序算法合集.tlog\link.command.1.tlog
c:\users\史金伟\source\the-c-language\排序算法合集\x64\debug\排序算法合集.tlog\link.read.1.tlog
c:\users\史金伟\source\the-c-language\排序算法合集\x64\debug\排序算法合集.tlog\link.write.1.tlog
